<?xml version="1.0" encoding="UTF-8"?>
<!-- Generated by org.testng.reporters.JUnitReportReporter -->
<testsuite hostname="APATIDAR" failures="0" tests="1" name="Selenium.Practice.demo3" time="202.221" errors="0" timestamp="2024-08-16T12:20:16 IST" skipped="0">
  <testcase classname="Selenium.Practice.demo3" name="PersonalLines_HO3Excel" time="202.221"/>
  <system-out/>
</testsuite> <!-- Selenium.Practice.demo3 -->
